<?xml version="1.0" encoding="UTF-8"?>
<!-- Generated by org.testng.reporters.JUnitReportReporter -->
<testsuite hostname="9e37749c70ef548" failures="0" tests="1" name="com.ust.test.FirstTest" time="0.008" errors="0" timestamp="2023-03-30T16:54:15 IST" skipped="0">
  <testcase classname="com.ust.test.FirstTest" name="f" time="0.008"/>
  <system-out/>
</testsuite> <!-- com.ust.test.FirstTest -->
