<?xml version="1.0" encoding="UTF-8"?>
<!-- Generated by org.testng.reporters.JUnitReportReporter -->
<testsuite hostname="9e37749c70ef548" failures="0" tests="2" name="com.ust.test.NewTest" time="0.011" errors="0" timestamp="2023-03-30T12:44:55 IST" skipped="0">
  <testcase classname="com.ust.test.NewTest" name="f" time="0.008"/>
  <system-out/>
  <testcase classname="com.ust.test.NewTest" name="a" time="0.003"/>
  <system-out/>
</testsuite> <!-- com.ust.test.NewTest -->
