<?xml version="1.0" encoding="UTF-8"?>
<!-- Generated by org.testng.reporters.JUnitReportReporter -->
<testsuite hostname="9e37749c70ef548" failures="0" tests="1" name="com.ust.test.firsttest" time="12.070" errors="0" timestamp="2023-03-30T16:44:29 IST" skipped="0">
  <testcase classname="com.ust.test.firsttest" name="TestGoogle" time="12.070"/>
  <system-out/>
</testsuite> <!-- com.ust.test.firsttest -->
